<?xml version="1.0" encoding="UTF-8"?>
<testsuite name="co.edu.unal.paralela.ReciprocalArraySumTest" time="22.891" tests="4" errors="0" skipped="0" failures="2">
  <properties>
[...]
</properties>
  <testcase name="testParSimpleTwoHundredMillion" classname="co.edu.unal.paralela.ReciprocalArraySumTest" time="22.469"/>
  <testcase name="testParManyTaskTwoHundredMillion" classname="co.edu.unal.paralela.ReciprocalArraySumTest" time="0.168">
    <failure message="No concuerda el resultado para N = 20000000, valor esperado = 1045499,869774, valor calculado = 1045578,761075, error absoluto = 78,891301" type="junit.framework.AssertionFailedError">junit.framework.AssertionFailedError: No concuerda el resultado para N = 20000000, valor esperado = 1045499,869774, valor calculado = 1045578,761075, error absoluto = 78,891301
	at junit.framework.Assert.fail(Assert.java:47)
	at junit.framework.Assert.assertTrue(Assert.java:20)
	at co.edu.unal.paralela.ReciprocalArraySumTest.parTestHelper(ReciprocalArraySumTest.java:79)
	at co.edu.unal.paralela.ReciprocalArraySumTest.testParManyTaskTwoHundredMillion(ReciprocalArraySumTest.java:149)
</failure>
  </testcase>
  <testcase name="testParManyTaskTwoMillion" classname="co.edu.unal.paralela.ReciprocalArraySumTest" time="0.02">
    <failure message="No concuerda el resultado para N = 2000000, valor esperado = 104672,524998, valor calculado = 104549,968535, error absoluto = 122,556463" type="junit.framework.AssertionFailedError">junit.framework.AssertionFailedError: No concuerda el resultado para N = 2000000, valor esperado = 104672,524998, valor calculado = 104549,968535, error absoluto = 122,556463
	at junit.framework.Assert.fail(Assert.java:47)
	at junit.framework.Assert.assertTrue(Assert.java:20)
	at co.edu.unal.paralela.ReciprocalArraySumTest.parTestHelper(ReciprocalArraySumTest.java:79)
	at co.edu.unal.paralela.ReciprocalArraySumTest.testParManyTaskTwoMillion(ReciprocalArraySumTest.java:138)
</failure>
  </testcase>
  <testcase name="testParSimpleTwoMillion" classname="co.edu.unal.paralela.ReciprocalArraySumTest" time="0.234"/>
</testsuite>